<?xml version="1.0" encoding="UTF-8"?>
<testng-results ignored="0" total="2" passed="2" failed="0" skipped="0">
  <reporter-output>
  </reporter-output>
  <suite started-at="2022-03-11T01:02:24Z" name="Suite1" finished-at="2022-03-11T01:03:00Z" duration-ms="35891">
    <groups>
      <group name="cucumber">
        <method signature="AbstractTestNGCucumberTests.runScenario(io.cucumber.testng.PickleWrapper, io.cucumber.testng.FeatureWrapper)[pri:0, instance:runners.SmokeTestRunner@b978d10]" name="runScenario" class="io.cucumber.testng.AbstractTestNGCucumberTests"/>
      </group> <!-- cucumber -->
    </groups>
    <test started-at="2022-03-11T01:02:24Z" name="Nopackage" finished-at="2022-03-11T01:03:00Z" duration-ms="35891">
      <class name="runners.SmokeTestRunner">
        <test-method is-config="true" signature="setUpClass()[pri:0, instance:runners.SmokeTestRunner@b978d10]" started-at="2022-03-11T01:02:24Z" name="setUpClass" finished-at="2022-03-11T01:02:24Z" duration-ms="436" status="PASS">
          <reporter-output>
          </reporter-output>
        </test-method> <!-- setUpClass -->
        <test-method signature="runScenario(io.cucumber.testng.PickleWrapper, io.cucumber.testng.FeatureWrapper)[pri:0, instance:runners.SmokeTestRunner@b978d10]" started-at="2022-03-11T01:02:24Z" name="runScenario" description="Runs Cucumber Scenarios" data-provider="scenarios" finished-at="2022-03-11T01:02:42Z" duration-ms="17289" status="PASS">
          <params>
            <param index="0">
              <value>
                <![CDATA["Validate amazon login for invalid credentials"]]>
              </value>
            </param>
            <param index="1">
              <value>
                <![CDATA["Optional[Login to amazon.com]"]]>
              </value>
            </param>
          </params>
          <reporter-output>
          </reporter-output>
        </test-method> <!-- runScenario -->
        <test-method signature="runScenario(io.cucumber.testng.PickleWrapper, io.cucumber.testng.FeatureWrapper)[pri:0, instance:runners.SmokeTestRunner@b978d10]" started-at="2022-03-11T01:02:42Z" name="runScenario" description="Runs Cucumber Scenarios" data-provider="scenarios" finished-at="2022-03-11T01:03:00Z" duration-ms="18093" status="PASS">
          <params>
            <param index="0">
              <value>
                <![CDATA["Validate amazon login for invalid credentials"]]>
              </value>
            </param>
            <param index="1">
              <value>
                <![CDATA["Optional[Login to amazon.com]"]]>
              </value>
            </param>
          </params>
          <reporter-output>
          </reporter-output>
        </test-method> <!-- runScenario -->
        <test-method is-config="true" signature="tearDownClass()[pri:0, instance:runners.SmokeTestRunner@b978d10]" started-at="2022-03-11T01:03:00Z" name="tearDownClass" finished-at="2022-03-11T01:03:00Z" duration-ms="38" status="PASS">
          <reporter-output>
          </reporter-output>
        </test-method> <!-- tearDownClass -->
      </class> <!-- runners.SmokeTestRunner -->
    </test> <!-- Nopackage -->
  </suite> <!-- Suite1 -->
</testng-results>
